[2025-03-29 22:12:08] [DEBUG] HTTP GET: https://www.githubstatus.com/api/v2/incidents/unresolved.json
[2025-03-29 22:12:09] [DEBUG] RESPONSE (OK): {"page":{"id":"kctbh9vrtdwd","name":"GitHub","url":"https://www.githubstatus.com","time_zone":"Etc/UTC","updated_at":"2025-03-29T23:14:45.232Z"},"incidents":[]}
[2025-03-29 22:12:09] [DEBUG] HTTP GET: https://raw.githubusercontent.com/github/gh-gei/main/LATEST-VERSION.txt
[2025-03-29 22:12:09] [DEBUG] RESPONSE (OK): v1.12.0

[2025-03-29 22:12:09] [INFO] You are running an up-to-date version of the ado2gh CLI [v1.12.0]
[2025-03-29 22:12:09] [INFO] ADO ORG: prashanthkool7
[2025-03-29 22:12:09] [INFO] ADO TEAM PROJECT: Prashanth_Test
[2025-03-29 22:12:09] [INFO] ADO REPO: Prashanth_Test
[2025-03-29 22:12:09] [INFO] GITHUB ORG: RocketResume-ai
[2025-03-29 22:12:09] [INFO] GITHUB REPO: Prashanth_Test-Prashanth_Test
[2025-03-29 22:12:09] [INFO] Migrating Repo...
[2025-03-29 22:12:09] [DEBUG] HTTP POST: https://api.github.com/graphql
[2025-03-29 22:12:09] [DEBUG] HTTP BODY: {"query":"query($login: String!) {organization(login: $login) { login, id, name } }","variables":{"login":"RocketResume-ai"}}
[2025-03-29 22:12:09] [DEBUG] GITHUB REQUEST ID: DF2D:286606:DEC6B45:1BEC0505:67E8A879
[2025-03-29 22:12:09] [DEBUG] RESPONSE (OK): {"data":{"organization":{"login":"RocketResume-ai","id":"O_kgDOB-5JvQ","name":"RocketResume-ai"}}}
[2025-03-29 22:12:09] [DEBUG] HTTP POST: https://api.github.com/graphql
[2025-03-29 22:12:09] [DEBUG] HTTP BODY: {"query":"mutation createMigrationSource($name: String!, $url: String!, $ownerId: ID!, $type: MigrationSourceType!) { createMigrationSource(input: {name: $name, url: $url, ownerId: $ownerId, type: $type}) { migrationSource { id, name, url, type } } }","variables":{"name":"Azure DevOps Source","url":"https://dev.azure.com","ownerId":"O_kgDOB-5JvQ","type":"AZURE_DEVOPS"},"operationName":"createMigrationSource"}
[2025-03-29 22:12:10] [DEBUG] GITHUB REQUEST ID: DF2D:286606:DEC6BF1:1BEC0650:67E8A879
[2025-03-29 22:12:10] [DEBUG] RESPONSE (OK): {"data":{"createMigrationSource":{"migrationSource":{"id":"MS_kgDaACQ4Y2ZkOTQ5Yi1kZjY3LTRkMDMtOWM1OC1jMGUwOGJmNGEzOTg","name":"Azure DevOps Source","url":"https://dev.azure.com","type":"AZURE_DEVOPS"}}}}
[2025-03-29 22:12:10] [DEBUG] HTTP POST: https://api.github.com/graphql
[2025-03-29 22:12:10] [DEBUG] HTTP BODY: {"query":"\n                mutation startRepositoryMigration(\n                    $sourceId: ID!,\n                    $ownerId: ID!,\n                    $sourceRepositoryUrl: URI!,\n                    $repositoryName: String!,\n                    $continueOnError: Boolean!,\n                    $gitArchiveUrl: String,\n                    $metadataArchiveUrl: String,\n                    $accessToken: String!,\n                    $githubPat: String,\n                    $skipReleases: Boolean,\n                    $targetRepoVisibility: String,\n                    $lockSource: Boolean) { \n                startRepositoryMigration(\n                    input: { \n                        sourceId: $sourceId,\n                        ownerId: $ownerId,\n                        sourceRepositoryUrl: $sourceRepositoryUrl,\n                        repositoryName: $repositoryName,\n                        continueOnError: $continueOnError,\n                        gitArchiveUrl: $gitArchiveUrl,\n                        metadataArchiveUrl: $metadataArchiveUrl,\n                        accessToken: $accessToken,\n                        githubPat: $githubPat,\n                        skipReleases: $skipReleases,\n                        targetRepoVisibility: $targetRepoVisibility,\n                        lockSource: $lockSource\n                    }\n                ) {\n                    repositoryMigration {\n                        id,\n                        databaseId,\n                        migrationSource {\n                            id,\n                            name,\n                            type\n                        },\n                        sourceUrl,\n                        state,\n                        failureReason\n                    }\n                  } }","variables":{"sourceId":"MS_kgDaACQ4Y2ZkOTQ5Yi1kZjY3LTRkMDMtOWM1OC1jMGUwOGJmNGEzOTg","ownerId":"O_kgDOB-5JvQ","sourceRepositoryUrl":"https://dev.azure.com/prashanthkool7/Prashanth_Test/_git/Prashanth_Test","repositoryName":"Prashanth_Test-Prashanth_Test","continueOnError":true,"gitArchiveUrl":null,"metadataArchiveUrl":null,"accessToken":"***","githubPat":"***","skipReleases":false,"targetRepoVisibility":null,"lockSource":false},"operationName":"startRepositoryMigration"}
[2025-03-29 22:12:13] [DEBUG] GITHUB REQUEST ID: DF2D:286606:DEC6D9F:1BEC09E2:67E8A87A
[2025-03-29 22:12:13] [DEBUG] RESPONSE (OK): {"data":{"startRepositoryMigration":{"repositoryMigration":{"id":"RM_kgDaACQ1ZjM2YThiYi0yMzY3LTQwZmMtYTNjMS03M2M2NmZlZDNlZDU","databaseId":"5f36a8bb-2367-40fc-a3c1-73c66fed3ed5","migrationSource":{"id":"MS_kgDaACQ4Y2ZkOTQ5Yi1kZjY3LTRkMDMtOWM1OC1jMGUwOGJmNGEzOTg","name":"Azure DevOps Source","type":"AZURE_DEVOPS"},"sourceUrl":"https://dev.azure.com/prashanthkool7/Prashanth_Test/_git/Prashanth_Test","state":"PENDING_VALIDATION","failureReason":""}}}}
[2025-03-29 22:12:13] [DEBUG] HTTP POST: https://api.github.com/graphql
[2025-03-29 22:12:13] [DEBUG] HTTP BODY: {"query":"query($id: ID!) { \n                node(id: $id) {\n                    ... on Migration {\n                        id,\n                        sourceUrl,\n                        migrationLogUrl,\n                        migrationSource {\n                            name\n                        },\n                        state,\n                        warningsCount,\n                        failureReason,\n                        repositoryName\n                    }\n                } }","variables":{"id":"RM_kgDaACQ1ZjM2YThiYi0yMzY3LTQwZmMtYTNjMS03M2M2NmZlZDNlZDU"}}
[2025-03-29 22:12:13] [DEBUG] GITHUB REQUEST ID: DF2D:286606:DEC79ED:1BEC2221:67E8A87D
[2025-03-29 22:12:13] [DEBUG] RESPONSE (OK): {"data":{"node":{"id":"RM_kgDaACQ1ZjM2YThiYi0yMzY3LTQwZmMtYTNjMS03M2M2NmZlZDNlZDU","sourceUrl":"https://dev.azure.com/prashanthkool7/Prashanth_Test/_git/Prashanth_Test","migrationLogUrl":"","migrationSource":{"name":"Azure DevOps Source"},"state":"PENDING_VALIDATION","warningsCount":0,"failureReason":"","repositoryName":"Prashanth_Test-Prashanth_Test"}}}
[2025-03-29 22:12:13] [INFO] Migration in progress (ID: RM_kgDaACQ1ZjM2YThiYi0yMzY3LTQwZmMtYTNjMS03M2M2NmZlZDNlZDU). State: PENDING_VALIDATION. Waiting 10 seconds...
[2025-03-29 22:12:23] [DEBUG] HTTP POST: https://api.github.com/graphql
[2025-03-29 22:12:23] [DEBUG] HTTP BODY: {"query":"query($id: ID!) { \n                node(id: $id) {\n                    ... on Migration {\n                        id,\n                        sourceUrl,\n                        migrationLogUrl,\n                        migrationSource {\n                            name\n                        },\n                        state,\n                        warningsCount,\n                        failureReason,\n                        repositoryName\n                    }\n                } }","variables":{"id":"RM_kgDaACQ1ZjM2YThiYi0yMzY3LTQwZmMtYTNjMS03M2M2NmZlZDNlZDU"}}
[2025-03-29 22:12:24] [DEBUG] GITHUB REQUEST ID: DF2D:286606:DEC9CF9:1BEC673F:67E8A87D
[2025-03-29 22:12:24] [DEBUG] RESPONSE (OK): {"data":{"node":{"id":"RM_kgDaACQ1ZjM2YThiYi0yMzY3LTQwZmMtYTNjMS03M2M2NmZlZDNlZDU","sourceUrl":"https://dev.azure.com/prashanthkool7/Prashanth_Test/_git/Prashanth_Test","migrationLogUrl":"","migrationSource":{"name":"Azure DevOps Source"},"state":"IN_PROGRESS","warningsCount":0,"failureReason":"","repositoryName":"Prashanth_Test-Prashanth_Test"}}}
[2025-03-29 22:12:24] [INFO] Migration in progress (ID: RM_kgDaACQ1ZjM2YThiYi0yMzY3LTQwZmMtYTNjMS03M2M2NmZlZDNlZDU). State: IN_PROGRESS. Waiting 10 seconds...
[2025-03-29 22:12:34] [DEBUG] HTTP POST: https://api.github.com/graphql
[2025-03-29 22:12:34] [DEBUG] HTTP BODY: {"query":"query($id: ID!) { \n                node(id: $id) {\n                    ... on Migration {\n                        id,\n                        sourceUrl,\n                        migrationLogUrl,\n                        migrationSource {\n                            name\n                        },\n                        state,\n                        warningsCount,\n                        failureReason,\n                        repositoryName\n                    }\n                } }","variables":{"id":"RM_kgDaACQ1ZjM2YThiYi0yMzY3LTQwZmMtYTNjMS03M2M2NmZlZDNlZDU"}}
[2025-03-29 22:12:34] [DEBUG] GITHUB REQUEST ID: DF2D:286606:DECBC69:1BECA512:67E8A888
[2025-03-29 22:12:34] [DEBUG] RESPONSE (OK): {"data":{"node":{"id":"RM_kgDaACQ1ZjM2YThiYi0yMzY3LTQwZmMtYTNjMS03M2M2NmZlZDNlZDU","sourceUrl":"https://dev.azure.com/prashanthkool7/Prashanth_Test/_git/Prashanth_Test","migrationLogUrl":"","migrationSource":{"name":"Azure DevOps Source"},"state":"IN_PROGRESS","warningsCount":0,"failureReason":"","repositoryName":"Prashanth_Test-Prashanth_Test"}}}
[2025-03-29 22:12:34] [INFO] Migration in progress (ID: RM_kgDaACQ1ZjM2YThiYi0yMzY3LTQwZmMtYTNjMS03M2M2NmZlZDNlZDU). State: IN_PROGRESS. Waiting 10 seconds...
[2025-03-29 22:12:44] [DEBUG] HTTP POST: https://api.github.com/graphql
[2025-03-29 22:12:44] [DEBUG] HTTP BODY: {"query":"query($id: ID!) { \n                node(id: $id) {\n                    ... on Migration {\n                        id,\n                        sourceUrl,\n                        migrationLogUrl,\n                        migrationSource {\n                            name\n                        },\n                        state,\n                        warningsCount,\n                        failureReason,\n                        repositoryName\n                    }\n                } }","variables":{"id":"RM_kgDaACQ1ZjM2YThiYi0yMzY3LTQwZmMtYTNjMS03M2M2NmZlZDNlZDU"}}
[2025-03-29 22:12:44] [DEBUG] GITHUB REQUEST ID: DF2D:286606:DECD887:1BECDCC3:67E8A892
[2025-03-29 22:12:44] [DEBUG] RESPONSE (OK): {"data":{"node":{"id":"RM_kgDaACQ1ZjM2YThiYi0yMzY3LTQwZmMtYTNjMS03M2M2NmZlZDNlZDU","sourceUrl":"https://dev.azure.com/prashanthkool7/Prashanth_Test/_git/Prashanth_Test","migrationLogUrl":"","migrationSource":{"name":"Azure DevOps Source"},"state":"IN_PROGRESS","warningsCount":0,"failureReason":"","repositoryName":"Prashanth_Test-Prashanth_Test"}}}
[2025-03-29 22:12:44] [INFO] Migration in progress (ID: RM_kgDaACQ1ZjM2YThiYi0yMzY3LTQwZmMtYTNjMS03M2M2NmZlZDNlZDU). State: IN_PROGRESS. Waiting 10 seconds...
[2025-03-29 22:12:54] [DEBUG] HTTP POST: https://api.github.com/graphql
[2025-03-29 22:12:54] [DEBUG] HTTP BODY: {"query":"query($id: ID!) { \n                node(id: $id) {\n                    ... on Migration {\n                        id,\n                        sourceUrl,\n                        migrationLogUrl,\n                        migrationSource {\n                            name\n                        },\n                        state,\n                        warningsCount,\n                        failureReason,\n                        repositoryName\n                    }\n                } }","variables":{"id":"RM_kgDaACQ1ZjM2YThiYi0yMzY3LTQwZmMtYTNjMS03M2M2NmZlZDNlZDU"}}
[2025-03-29 22:12:54] [DEBUG] GITHUB REQUEST ID: DF2D:286606:DECF330:1BED1254:67E8A89C
[2025-03-29 22:12:54] [DEBUG] RESPONSE (OK): {"data":{"node":{"id":"RM_kgDaACQ1ZjM2YThiYi0yMzY3LTQwZmMtYTNjMS03M2M2NmZlZDNlZDU","sourceUrl":"https://dev.azure.com/prashanthkool7/Prashanth_Test/_git/Prashanth_Test","migrationLogUrl":"","migrationSource":{"name":"Azure DevOps Source"},"state":"IN_PROGRESS","warningsCount":0,"failureReason":"","repositoryName":"Prashanth_Test-Prashanth_Test"}}}
[2025-03-29 22:12:54] [INFO] Migration in progress (ID: RM_kgDaACQ1ZjM2YThiYi0yMzY3LTQwZmMtYTNjMS03M2M2NmZlZDNlZDU). State: IN_PROGRESS. Waiting 10 seconds...
[2025-03-29 22:13:04] [DEBUG] HTTP POST: https://api.github.com/graphql
[2025-03-29 22:13:04] [DEBUG] HTTP BODY: {"query":"query($id: ID!) { \n                node(id: $id) {\n                    ... on Migration {\n                        id,\n                        sourceUrl,\n                        migrationLogUrl,\n                        migrationSource {\n                            name\n                        },\n                        state,\n                        warningsCount,\n                        failureReason,\n                        repositoryName\n                    }\n                } }","variables":{"id":"RM_kgDaACQ1ZjM2YThiYi0yMzY3LTQwZmMtYTNjMS03M2M2NmZlZDNlZDU"}}
[2025-03-29 22:13:05] [DEBUG] GITHUB REQUEST ID: DF2D:286606:DED0F46:1BED4A79:67E8A8A6
[2025-03-29 22:13:05] [DEBUG] RESPONSE (OK): {"data":{"node":{"id":"RM_kgDaACQ1ZjM2YThiYi0yMzY3LTQwZmMtYTNjMS03M2M2NmZlZDNlZDU","sourceUrl":"https://dev.azure.com/prashanthkool7/Prashanth_Test/_git/Prashanth_Test","migrationLogUrl":"","migrationSource":{"name":"Azure DevOps Source"},"state":"IN_PROGRESS","warningsCount":0,"failureReason":"","repositoryName":"Prashanth_Test-Prashanth_Test"}}}
[2025-03-29 22:13:05] [INFO] Migration in progress (ID: RM_kgDaACQ1ZjM2YThiYi0yMzY3LTQwZmMtYTNjMS03M2M2NmZlZDNlZDU). State: IN_PROGRESS. Waiting 10 seconds...
[2025-03-29 22:13:15] [DEBUG] HTTP POST: https://api.github.com/graphql
[2025-03-29 22:13:15] [DEBUG] HTTP BODY: {"query":"query($id: ID!) { \n                node(id: $id) {\n                    ... on Migration {\n                        id,\n                        sourceUrl,\n                        migrationLogUrl,\n                        migrationSource {\n                            name\n                        },\n                        state,\n                        warningsCount,\n                        failureReason,\n                        repositoryName\n                    }\n                } }","variables":{"id":"RM_kgDaACQ1ZjM2YThiYi0yMzY3LTQwZmMtYTNjMS03M2M2NmZlZDNlZDU"}}
[2025-03-29 22:13:15] [DEBUG] GITHUB REQUEST ID: DF2D:286606:DED30B7:1BED8CDB:67E8A8B1
[2025-03-29 22:13:15] [DEBUG] RESPONSE (OK): {"data":{"node":{"id":"RM_kgDaACQ1ZjM2YThiYi0yMzY3LTQwZmMtYTNjMS03M2M2NmZlZDNlZDU","sourceUrl":"https://dev.azure.com/prashanthkool7/Prashanth_Test/_git/Prashanth_Test","migrationLogUrl":"","migrationSource":{"name":"Azure DevOps Source"},"state":"IN_PROGRESS","warningsCount":0,"failureReason":"","repositoryName":"Prashanth_Test-Prashanth_Test"}}}
[2025-03-29 22:13:15] [INFO] Migration in progress (ID: RM_kgDaACQ1ZjM2YThiYi0yMzY3LTQwZmMtYTNjMS03M2M2NmZlZDNlZDU). State: IN_PROGRESS. Waiting 10 seconds...
[2025-03-29 22:13:25] [DEBUG] HTTP POST: https://api.github.com/graphql
[2025-03-29 22:13:25] [DEBUG] HTTP BODY: {"query":"query($id: ID!) { \n                node(id: $id) {\n                    ... on Migration {\n                        id,\n                        sourceUrl,\n                        migrationLogUrl,\n                        migrationSource {\n                            name\n                        },\n                        state,\n                        warningsCount,\n                        failureReason,\n                        repositoryName\n                    }\n                } }","variables":{"id":"RM_kgDaACQ1ZjM2YThiYi0yMzY3LTQwZmMtYTNjMS03M2M2NmZlZDNlZDU"}}
[2025-03-29 22:13:26] [DEBUG] GITHUB REQUEST ID: DF2D:286606:DED4CCB:1BEDC516:67E8A8BB
[2025-03-29 22:13:26] [DEBUG] RESPONSE (OK): {"data":{"node":{"id":"RM_kgDaACQ1ZjM2YThiYi0yMzY3LTQwZmMtYTNjMS03M2M2NmZlZDNlZDU","sourceUrl":"https://dev.azure.com/prashanthkool7/Prashanth_Test/_git/Prashanth_Test","migrationLogUrl":"","migrationSource":{"name":"Azure DevOps Source"},"state":"IN_PROGRESS","warningsCount":0,"failureReason":"","repositoryName":"Prashanth_Test-Prashanth_Test"}}}
[2025-03-29 22:13:26] [INFO] Migration in progress (ID: RM_kgDaACQ1ZjM2YThiYi0yMzY3LTQwZmMtYTNjMS03M2M2NmZlZDNlZDU). State: IN_PROGRESS. Waiting 10 seconds...
[2025-03-29 22:13:36] [DEBUG] HTTP POST: https://api.github.com/graphql
[2025-03-29 22:13:36] [DEBUG] HTTP BODY: {"query":"query($id: ID!) { \n                node(id: $id) {\n                    ... on Migration {\n                        id,\n                        sourceUrl,\n                        migrationLogUrl,\n                        migrationSource {\n                            name\n                        },\n                        state,\n                        warningsCount,\n                        failureReason,\n                        repositoryName\n                    }\n                } }","variables":{"id":"RM_kgDaACQ1ZjM2YThiYi0yMzY3LTQwZmMtYTNjMS03M2M2NmZlZDNlZDU"}}
[2025-03-29 22:13:36] [DEBUG] GITHUB REQUEST ID: DF2D:286606:DED68CF:1BEDFD87:67E8A8C6
[2025-03-29 22:13:36] [DEBUG] RESPONSE (OK): {"data":{"node":{"id":"RM_kgDaACQ1ZjM2YThiYi0yMzY3LTQwZmMtYTNjMS03M2M2NmZlZDNlZDU","sourceUrl":"https://dev.azure.com/prashanthkool7/Prashanth_Test/_git/Prashanth_Test","migrationLogUrl":"","migrationSource":{"name":"Azure DevOps Source"},"state":"IN_PROGRESS","warningsCount":0,"failureReason":"","repositoryName":"Prashanth_Test-Prashanth_Test"}}}
[2025-03-29 22:13:36] [INFO] Migration in progress (ID: RM_kgDaACQ1ZjM2YThiYi0yMzY3LTQwZmMtYTNjMS03M2M2NmZlZDNlZDU). State: IN_PROGRESS. Waiting 10 seconds...
[2025-03-29 22:13:46] [DEBUG] HTTP POST: https://api.github.com/graphql
[2025-03-29 22:13:46] [DEBUG] HTTP BODY: {"query":"query($id: ID!) { \n                node(id: $id) {\n                    ... on Migration {\n                        id,\n                        sourceUrl,\n                        migrationLogUrl,\n                        migrationSource {\n                            name\n                        },\n                        state,\n                        warningsCount,\n                        failureReason,\n                        repositoryName\n                    }\n                } }","variables":{"id":"RM_kgDaACQ1ZjM2YThiYi0yMzY3LTQwZmMtYTNjMS03M2M2NmZlZDNlZDU"}}
[2025-03-29 22:13:46] [DEBUG] GITHUB REQUEST ID: DF2D:286606:DED8423:1BEE3442:67E8A8D0
[2025-03-29 22:13:46] [DEBUG] RESPONSE (OK): {"data":{"node":{"id":"RM_kgDaACQ1ZjM2YThiYi0yMzY3LTQwZmMtYTNjMS03M2M2NmZlZDNlZDU","sourceUrl":"https://dev.azure.com/prashanthkool7/Prashanth_Test/_git/Prashanth_Test","migrationLogUrl":"","migrationSource":{"name":"Azure DevOps Source"},"state":"IN_PROGRESS","warningsCount":0,"failureReason":"","repositoryName":"Prashanth_Test-Prashanth_Test"}}}
[2025-03-29 22:13:46] [INFO] Migration in progress (ID: RM_kgDaACQ1ZjM2YThiYi0yMzY3LTQwZmMtYTNjMS03M2M2NmZlZDNlZDU). State: IN_PROGRESS. Waiting 10 seconds...
[2025-03-29 22:13:56] [DEBUG] HTTP POST: https://api.github.com/graphql
[2025-03-29 22:13:56] [DEBUG] HTTP BODY: {"query":"query($id: ID!) { \n                node(id: $id) {\n                    ... on Migration {\n                        id,\n                        sourceUrl,\n                        migrationLogUrl,\n                        migrationSource {\n                            name\n                        },\n                        state,\n                        warningsCount,\n                        failureReason,\n                        repositoryName\n                    }\n                } }","variables":{"id":"RM_kgDaACQ1ZjM2YThiYi0yMzY3LTQwZmMtYTNjMS03M2M2NmZlZDNlZDU"}}
[2025-03-29 22:13:56] [DEBUG] GITHUB REQUEST ID: DF2D:286606:DED9E0B:1BEE676A:67E8A8DA
[2025-03-29 22:13:56] [DEBUG] RESPONSE (OK): {"data":{"node":{"id":"RM_kgDaACQ1ZjM2YThiYi0yMzY3LTQwZmMtYTNjMS03M2M2NmZlZDNlZDU","sourceUrl":"https://dev.azure.com/prashanthkool7/Prashanth_Test/_git/Prashanth_Test","migrationLogUrl":"","migrationSource":{"name":"Azure DevOps Source"},"state":"IN_PROGRESS","warningsCount":0,"failureReason":"","repositoryName":"Prashanth_Test-Prashanth_Test"}}}
[2025-03-29 22:13:56] [INFO] Migration in progress (ID: RM_kgDaACQ1ZjM2YThiYi0yMzY3LTQwZmMtYTNjMS03M2M2NmZlZDNlZDU). State: IN_PROGRESS. Waiting 10 seconds...
[2025-03-29 22:14:06] [DEBUG] HTTP POST: https://api.github.com/graphql
[2025-03-29 22:14:06] [DEBUG] HTTP BODY: {"query":"query($id: ID!) { \n                node(id: $id) {\n                    ... on Migration {\n                        id,\n                        sourceUrl,\n                        migrationLogUrl,\n                        migrationSource {\n                            name\n                        },\n                        state,\n                        warningsCount,\n                        failureReason,\n                        repositoryName\n                    }\n                } }","variables":{"id":"RM_kgDaACQ1ZjM2YThiYi0yMzY3LTQwZmMtYTNjMS03M2M2NmZlZDNlZDU"}}
[2025-03-29 22:14:07] [DEBUG] GITHUB REQUEST ID: DF2D:286606:DEDBC4F:1BEEA440:67E8A8E4
[2025-03-29 22:14:07] [DEBUG] RESPONSE (OK): {"data":{"node":{"id":"RM_kgDaACQ1ZjM2YThiYi0yMzY3LTQwZmMtYTNjMS03M2M2NmZlZDNlZDU","sourceUrl":"https://dev.azure.com/prashanthkool7/Prashanth_Test/_git/Prashanth_Test","migrationLogUrl":"","migrationSource":{"name":"Azure DevOps Source"},"state":"IN_PROGRESS","warningsCount":0,"failureReason":"","repositoryName":"Prashanth_Test-Prashanth_Test"}}}
[2025-03-29 22:14:07] [INFO] Migration in progress (ID: RM_kgDaACQ1ZjM2YThiYi0yMzY3LTQwZmMtYTNjMS03M2M2NmZlZDNlZDU). State: IN_PROGRESS. Waiting 10 seconds...
[2025-03-29 22:14:17] [DEBUG] HTTP POST: https://api.github.com/graphql
[2025-03-29 22:14:17] [DEBUG] HTTP BODY: {"query":"query($id: ID!) { \n                node(id: $id) {\n                    ... on Migration {\n                        id,\n                        sourceUrl,\n                        migrationLogUrl,\n                        migrationSource {\n                            name\n                        },\n                        state,\n                        warningsCount,\n                        failureReason,\n                        repositoryName\n                    }\n                } }","variables":{"id":"RM_kgDaACQ1ZjM2YThiYi0yMzY3LTQwZmMtYTNjMS03M2M2NmZlZDNlZDU"}}
[2025-03-29 22:14:17] [DEBUG] GITHUB REQUEST ID: DF2D:286606:DEDDAE5:1BEEE149:67E8A8EF
[2025-03-29 22:14:17] [DEBUG] RESPONSE (OK): {"data":{"node":{"id":"RM_kgDaACQ1ZjM2YThiYi0yMzY3LTQwZmMtYTNjMS03M2M2NmZlZDNlZDU","sourceUrl":"https://dev.azure.com/prashanthkool7/Prashanth_Test/_git/Prashanth_Test","migrationLogUrl":"","migrationSource":{"name":"Azure DevOps Source"},"state":"IN_PROGRESS","warningsCount":0,"failureReason":"","repositoryName":"Prashanth_Test-Prashanth_Test"}}}
[2025-03-29 22:14:17] [INFO] Migration in progress (ID: RM_kgDaACQ1ZjM2YThiYi0yMzY3LTQwZmMtYTNjMS03M2M2NmZlZDNlZDU). State: IN_PROGRESS. Waiting 10 seconds...
[2025-03-29 22:14:27] [DEBUG] HTTP POST: https://api.github.com/graphql
[2025-03-29 22:14:27] [DEBUG] HTTP BODY: {"query":"query($id: ID!) { \n                node(id: $id) {\n                    ... on Migration {\n                        id,\n                        sourceUrl,\n                        migrationLogUrl,\n                        migrationSource {\n                            name\n                        },\n                        state,\n                        warningsCount,\n                        failureReason,\n                        repositoryName\n                    }\n                } }","variables":{"id":"RM_kgDaACQ1ZjM2YThiYi0yMzY3LTQwZmMtYTNjMS03M2M2NmZlZDNlZDU"}}
[2025-03-29 22:14:27] [DEBUG] GITHUB REQUEST ID: DF2D:286606:DEDF6D4:1BEF192B:67E8A8F9
[2025-03-29 22:14:27] [DEBUG] RESPONSE (OK): {"data":{"node":{"id":"RM_kgDaACQ1ZjM2YThiYi0yMzY3LTQwZmMtYTNjMS03M2M2NmZlZDNlZDU","sourceUrl":"https://dev.azure.com/prashanthkool7/Prashanth_Test/_git/Prashanth_Test","migrationLogUrl":"","migrationSource":{"name":"Azure DevOps Source"},"state":"IN_PROGRESS","warningsCount":0,"failureReason":"","repositoryName":"Prashanth_Test-Prashanth_Test"}}}
[2025-03-29 22:14:27] [INFO] Migration in progress (ID: RM_kgDaACQ1ZjM2YThiYi0yMzY3LTQwZmMtYTNjMS03M2M2NmZlZDNlZDU). State: IN_PROGRESS. Waiting 10 seconds...
[2025-03-29 22:14:37] [DEBUG] HTTP POST: https://api.github.com/graphql
[2025-03-29 22:14:37] [DEBUG] HTTP BODY: {"query":"query($id: ID!) { \n                node(id: $id) {\n                    ... on Migration {\n                        id,\n                        sourceUrl,\n                        migrationLogUrl,\n                        migrationSource {\n                            name\n                        },\n                        state,\n                        warningsCount,\n                        failureReason,\n                        repositoryName\n                    }\n                } }","variables":{"id":"RM_kgDaACQ1ZjM2YThiYi0yMzY3LTQwZmMtYTNjMS03M2M2NmZlZDNlZDU"}}
[2025-03-29 22:14:37] [DEBUG] GITHUB REQUEST ID: DF2D:286606:DEE1225:1BEF5001:67E8A903
[2025-03-29 22:14:37] [DEBUG] RESPONSE (OK): {"data":{"node":{"id":"RM_kgDaACQ1ZjM2YThiYi0yMzY3LTQwZmMtYTNjMS03M2M2NmZlZDNlZDU","sourceUrl":"https://dev.azure.com/prashanthkool7/Prashanth_Test/_git/Prashanth_Test","migrationLogUrl":"","migrationSource":{"name":"Azure DevOps Source"},"state":"IN_PROGRESS","warningsCount":0,"failureReason":"","repositoryName":"Prashanth_Test-Prashanth_Test"}}}
[2025-03-29 22:14:37] [INFO] Migration in progress (ID: RM_kgDaACQ1ZjM2YThiYi0yMzY3LTQwZmMtYTNjMS03M2M2NmZlZDNlZDU). State: IN_PROGRESS. Waiting 10 seconds...
[2025-03-29 22:14:47] [DEBUG] HTTP POST: https://api.github.com/graphql
[2025-03-29 22:14:47] [DEBUG] HTTP BODY: {"query":"query($id: ID!) { \n                node(id: $id) {\n                    ... on Migration {\n                        id,\n                        sourceUrl,\n                        migrationLogUrl,\n                        migrationSource {\n                            name\n                        },\n                        state,\n                        warningsCount,\n                        failureReason,\n                        repositoryName\n                    }\n                } }","variables":{"id":"RM_kgDaACQ1ZjM2YThiYi0yMzY3LTQwZmMtYTNjMS03M2M2NmZlZDNlZDU"}}
[2025-03-29 22:14:48] [DEBUG] GITHUB REQUEST ID: DF2D:286606:DEE2D65:1BEF8636:67E8A90D
[2025-03-29 22:14:48] [DEBUG] RESPONSE (OK): {"data":{"node":{"id":"RM_kgDaACQ1ZjM2YThiYi0yMzY3LTQwZmMtYTNjMS03M2M2NmZlZDNlZDU","sourceUrl":"https://dev.azure.com/prashanthkool7/Prashanth_Test/_git/Prashanth_Test","migrationLogUrl":"","migrationSource":{"name":"Azure DevOps Source"},"state":"IN_PROGRESS","warningsCount":0,"failureReason":"","repositoryName":"Prashanth_Test-Prashanth_Test"}}}
[2025-03-29 22:14:48] [INFO] Migration in progress (ID: RM_kgDaACQ1ZjM2YThiYi0yMzY3LTQwZmMtYTNjMS03M2M2NmZlZDNlZDU). State: IN_PROGRESS. Waiting 10 seconds...
[2025-03-29 22:14:58] [DEBUG] HTTP POST: https://api.github.com/graphql
[2025-03-29 22:14:58] [DEBUG] HTTP BODY: {"query":"query($id: ID!) { \n                node(id: $id) {\n                    ... on Migration {\n                        id,\n                        sourceUrl,\n                        migrationLogUrl,\n                        migrationSource {\n                            name\n                        },\n                        state,\n                        warningsCount,\n                        failureReason,\n                        repositoryName\n                    }\n                } }","variables":{"id":"RM_kgDaACQ1ZjM2YThiYi0yMzY3LTQwZmMtYTNjMS03M2M2NmZlZDNlZDU"}}
[2025-03-29 22:14:58] [DEBUG] GITHUB REQUEST ID: DF2D:286606:DEE4C18:1BEFC014:67E8A918
[2025-03-29 22:14:58] [DEBUG] RESPONSE (OK): {"data":{"node":{"id":"RM_kgDaACQ1ZjM2YThiYi0yMzY3LTQwZmMtYTNjMS03M2M2NmZlZDNlZDU","sourceUrl":"https://dev.azure.com/prashanthkool7/Prashanth_Test/_git/Prashanth_Test","migrationLogUrl":"","migrationSource":{"name":"Azure DevOps Source"},"state":"IN_PROGRESS","warningsCount":0,"failureReason":"","repositoryName":"Prashanth_Test-Prashanth_Test"}}}
[2025-03-29 22:14:58] [INFO] Migration in progress (ID: RM_kgDaACQ1ZjM2YThiYi0yMzY3LTQwZmMtYTNjMS03M2M2NmZlZDNlZDU). State: IN_PROGRESS. Waiting 10 seconds...
[2025-03-29 22:15:08] [DEBUG] HTTP POST: https://api.github.com/graphql
[2025-03-29 22:15:08] [DEBUG] HTTP BODY: {"query":"query($id: ID!) { \n                node(id: $id) {\n                    ... on Migration {\n                        id,\n                        sourceUrl,\n                        migrationLogUrl,\n                        migrationSource {\n                            name\n                        },\n                        state,\n                        warningsCount,\n                        failureReason,\n                        repositoryName\n                    }\n                } }","variables":{"id":"RM_kgDaACQ1ZjM2YThiYi0yMzY3LTQwZmMtYTNjMS03M2M2NmZlZDNlZDU"}}
[2025-03-29 22:15:08] [DEBUG] GITHUB REQUEST ID: DF2D:286606:DEE6C9D:1BF001A3:67E8A922
[2025-03-29 22:15:08] [DEBUG] RESPONSE (OK): {"data":{"node":{"id":"RM_kgDaACQ1ZjM2YThiYi0yMzY3LTQwZmMtYTNjMS03M2M2NmZlZDNlZDU","sourceUrl":"https://dev.azure.com/prashanthkool7/Prashanth_Test/_git/Prashanth_Test","migrationLogUrl":"","migrationSource":{"name":"Azure DevOps Source"},"state":"IN_PROGRESS","warningsCount":0,"failureReason":"","repositoryName":"Prashanth_Test-Prashanth_Test"}}}
[2025-03-29 22:15:08] [INFO] Migration in progress (ID: RM_kgDaACQ1ZjM2YThiYi0yMzY3LTQwZmMtYTNjMS03M2M2NmZlZDNlZDU). State: IN_PROGRESS. Waiting 10 seconds...
[2025-03-29 22:15:18] [DEBUG] HTTP POST: https://api.github.com/graphql
[2025-03-29 22:15:18] [DEBUG] HTTP BODY: {"query":"query($id: ID!) { \n                node(id: $id) {\n                    ... on Migration {\n                        id,\n                        sourceUrl,\n                        migrationLogUrl,\n                        migrationSource {\n                            name\n                        },\n                        state,\n                        warningsCount,\n                        failureReason,\n                        repositoryName\n                    }\n                } }","variables":{"id":"RM_kgDaACQ1ZjM2YThiYi0yMzY3LTQwZmMtYTNjMS03M2M2NmZlZDNlZDU"}}
[2025-03-29 22:15:19] [DEBUG] GITHUB REQUEST ID: DF2D:286606:DEE8B03:1BF03E95:67E8A92C
[2025-03-29 22:15:19] [DEBUG] RESPONSE (OK): {"data":{"node":{"id":"RM_kgDaACQ1ZjM2YThiYi0yMzY3LTQwZmMtYTNjMS03M2M2NmZlZDNlZDU","sourceUrl":"https://dev.azure.com/prashanthkool7/Prashanth_Test/_git/Prashanth_Test","migrationLogUrl":"","migrationSource":{"name":"Azure DevOps Source"},"state":"IN_PROGRESS","warningsCount":0,"failureReason":"","repositoryName":"Prashanth_Test-Prashanth_Test"}}}
[2025-03-29 22:15:19] [INFO] Migration in progress (ID: RM_kgDaACQ1ZjM2YThiYi0yMzY3LTQwZmMtYTNjMS03M2M2NmZlZDNlZDU). State: IN_PROGRESS. Waiting 10 seconds...
[2025-03-29 22:15:29] [DEBUG] HTTP POST: https://api.github.com/graphql
[2025-03-29 22:15:29] [DEBUG] HTTP BODY: {"query":"query($id: ID!) { \n                node(id: $id) {\n                    ... on Migration {\n                        id,\n                        sourceUrl,\n                        migrationLogUrl,\n                        migrationSource {\n                            name\n                        },\n                        state,\n                        warningsCount,\n                        failureReason,\n                        repositoryName\n                    }\n                } }","variables":{"id":"RM_kgDaACQ1ZjM2YThiYi0yMzY3LTQwZmMtYTNjMS03M2M2NmZlZDNlZDU"}}
[2025-03-29 22:15:29] [DEBUG] GITHUB REQUEST ID: DF2D:286606:DEEA6C6:1BF07626:67E8A937
[2025-03-29 22:15:29] [DEBUG] RESPONSE (OK): {"data":{"node":{"id":"RM_kgDaACQ1ZjM2YThiYi0yMzY3LTQwZmMtYTNjMS03M2M2NmZlZDNlZDU","sourceUrl":"https://dev.azure.com/prashanthkool7/Prashanth_Test/_git/Prashanth_Test","migrationLogUrl":"","migrationSource":{"name":"Azure DevOps Source"},"state":"IN_PROGRESS","warningsCount":0,"failureReason":"","repositoryName":"Prashanth_Test-Prashanth_Test"}}}
[2025-03-29 22:15:29] [INFO] Migration in progress (ID: RM_kgDaACQ1ZjM2YThiYi0yMzY3LTQwZmMtYTNjMS03M2M2NmZlZDNlZDU). State: IN_PROGRESS. Waiting 10 seconds...
[2025-03-29 22:15:39] [DEBUG] HTTP POST: https://api.github.com/graphql
[2025-03-29 22:15:39] [DEBUG] HTTP BODY: {"query":"query($id: ID!) { \n                node(id: $id) {\n                    ... on Migration {\n                        id,\n                        sourceUrl,\n                        migrationLogUrl,\n                        migrationSource {\n                            name\n                        },\n                        state,\n                        warningsCount,\n                        failureReason,\n                        repositoryName\n                    }\n                } }","variables":{"id":"RM_kgDaACQ1ZjM2YThiYi0yMzY3LTQwZmMtYTNjMS03M2M2NmZlZDNlZDU"}}
[2025-03-29 22:15:39] [DEBUG] GITHUB REQUEST ID: DF2D:286606:DEEC4D2:1BF0B279:67E8A941
[2025-03-29 22:15:39] [DEBUG] RESPONSE (OK): {"data":{"node":{"id":"RM_kgDaACQ1ZjM2YThiYi0yMzY3LTQwZmMtYTNjMS03M2M2NmZlZDNlZDU","sourceUrl":"https://dev.azure.com/prashanthkool7/Prashanth_Test/_git/Prashanth_Test","migrationLogUrl":"","migrationSource":{"name":"Azure DevOps Source"},"state":"IN_PROGRESS","warningsCount":0,"failureReason":"","repositoryName":"Prashanth_Test-Prashanth_Test"}}}
[2025-03-29 22:15:39] [INFO] Migration in progress (ID: RM_kgDaACQ1ZjM2YThiYi0yMzY3LTQwZmMtYTNjMS03M2M2NmZlZDNlZDU). State: IN_PROGRESS. Waiting 10 seconds...
[2025-03-29 22:15:49] [DEBUG] HTTP POST: https://api.github.com/graphql
[2025-03-29 22:15:49] [DEBUG] HTTP BODY: {"query":"query($id: ID!) { \n                node(id: $id) {\n                    ... on Migration {\n                        id,\n                        sourceUrl,\n                        migrationLogUrl,\n                        migrationSource {\n                            name\n                        },\n                        state,\n                        warningsCount,\n                        failureReason,\n                        repositoryName\n                    }\n                } }","variables":{"id":"RM_kgDaACQ1ZjM2YThiYi0yMzY3LTQwZmMtYTNjMS03M2M2NmZlZDNlZDU"}}
[2025-03-29 22:15:50] [DEBUG] GITHUB REQUEST ID: DF2D:286606:DEEDF3E:1BF0E7F7:67E8A94B
[2025-03-29 22:15:50] [DEBUG] RESPONSE (OK): {"data":{"node":{"id":"RM_kgDaACQ1ZjM2YThiYi0yMzY3LTQwZmMtYTNjMS03M2M2NmZlZDNlZDU","sourceUrl":"https://dev.azure.com/prashanthkool7/Prashanth_Test/_git/Prashanth_Test","migrationLogUrl":"","migrationSource":{"name":"Azure DevOps Source"},"state":"IN_PROGRESS","warningsCount":0,"failureReason":"","repositoryName":"Prashanth_Test-Prashanth_Test"}}}
[2025-03-29 22:15:50] [INFO] Migration in progress (ID: RM_kgDaACQ1ZjM2YThiYi0yMzY3LTQwZmMtYTNjMS03M2M2NmZlZDNlZDU). State: IN_PROGRESS. Waiting 10 seconds...
[2025-03-29 22:16:00] [DEBUG] HTTP POST: https://api.github.com/graphql
[2025-03-29 22:16:00] [DEBUG] HTTP BODY: {"query":"query($id: ID!) { \n                node(id: $id) {\n                    ... on Migration {\n                        id,\n                        sourceUrl,\n                        migrationLogUrl,\n                        migrationSource {\n                            name\n                        },\n                        state,\n                        warningsCount,\n                        failureReason,\n                        repositoryName\n                    }\n                } }","variables":{"id":"RM_kgDaACQ1ZjM2YThiYi0yMzY3LTQwZmMtYTNjMS03M2M2NmZlZDNlZDU"}}
[2025-03-29 22:16:00] [DEBUG] GITHUB REQUEST ID: DF2D:286606:DEEF8C0:1BF11BC5:67E8A956
[2025-03-29 22:16:00] [DEBUG] RESPONSE (OK): {"data":{"node":{"id":"RM_kgDaACQ1ZjM2YThiYi0yMzY3LTQwZmMtYTNjMS03M2M2NmZlZDNlZDU","sourceUrl":"https://dev.azure.com/prashanthkool7/Prashanth_Test/_git/Prashanth_Test","migrationLogUrl":"https://objects-origin.githubusercontent.com/octoshiftmigrationlogs/RocketResume-ai/Prashanth_Test-Prashanth_Test-5f36a8bb-2367-40fc-a3c1-73c66fed3ed5-logs.txt?X-Amz-Algorithm=AWS4-HMAC-SHA256&X-Amz-Credential=***%2F20250330%2Fus-east-1%2Fs3%2Faws4_request&X-Amz-Date=20250330T021556Z&X-Amz-Expires=432000&X-Amz-Signature=359ed45257224b101848584791bd8c685ffac79f076f46cdfc5c5d5fab4af3d8&X-Amz-SignedHeaders=host","migrationSource":{"name":"Azure DevOps Source"},"state":"SUCCEEDED","warningsCount":0,"failureReason":"","repositoryName":"Prashanth_Test-Prashanth_Test"}}}
[2025-03-29 22:16:00] [INFO] Migration completed (ID: RM_kgDaACQ1ZjM2YThiYi0yMzY3LTQwZmMtYTNjMS03M2M2NmZlZDNlZDU)! State: SUCCEEDED
[2025-03-29 22:16:00] [INFO] Migration log available at https://objects-origin.githubusercontent.com/octoshiftmigrationlogs/RocketResume-ai/Prashanth_Test-Prashanth_Test-5f36a8bb-2367-40fc-a3c1-73c66fed3ed5-logs.txt?X-Amz-Algorithm=AWS4-HMAC-SHA256&X-Amz-Credential=***%2F20250330%2Fus-east-1%2Fs3%2Faws4_request&X-Amz-Date=20250330T021556Z&X-Amz-Expires=432000&X-Amz-Signature=359ed45257224b101848584791bd8c685ffac79f076f46cdfc5c5d5fab4af3d8&X-Amz-SignedHeaders=host or by running `gh ado2gh download-logs --github-org RocketResume-ai --github-repo Prashanth_Test-Prashanth_Test`
