[2025-03-29 21:56:41] [DEBUG] HTTP GET: https://www.githubstatus.com/api/v2/incidents/unresolved.json
[2025-03-29 21:56:41] [DEBUG] RESPONSE (OK): {"page":{"id":"kctbh9vrtdwd","name":"GitHub","url":"https://www.githubstatus.com","time_zone":"Etc/UTC","updated_at":"2025-03-29T23:14:45.232Z"},"incidents":[]}
[2025-03-29 21:56:41] [DEBUG] HTTP GET: https://raw.githubusercontent.com/github/gh-gei/main/LATEST-VERSION.txt
[2025-03-29 21:56:41] [DEBUG] RESPONSE (OK): v1.12.0

[2025-03-29 21:56:42] [INFO] You are running an up-to-date version of the ado2gh CLI [v1.12.0]
[2025-03-29 21:56:42] [INFO] GITHUB ORG: patnala7
[2025-03-29 21:56:42] [INFO] ACTOR: prashanth
[2025-03-29 21:56:42] [INFO] ACTOR TYPE: USER
[2025-03-29 21:56:42] [INFO] Actor type is valid...
[2025-03-29 21:56:42] [ERROR] OctoshiftCLI.OctoshiftCliException: GH_PAT environment variable is not set.
   at OctoshiftCLI.Services.EnvironmentVariableProvider.GetValue(String name, Boolean throwIfNotFound)
   at OctoshiftCLI.Services.EnvironmentVariableProvider.GetSecret(String secretName, Boolean throwIfNotFound)
   at OctoshiftCLI.Services.EnvironmentVariableProvider.TargetGithubPersonalAccessToken(Boolean throwIfNotFound)
   at OctoshiftCLI.AdoToGithub.Factories.GithubApiFactory.Create(String apiUrl, String targetPersonalAccessToken)
   at OctoshiftCLI.Commands.GrantMigratorRole.GrantMigratorRoleCommandBase.BuildHandler(GrantMigratorRoleCommandArgs args, IServiceProvider sp)
   at OctoshiftCLI.Extensions.CommandExtensions.RunHandler[TArgs,THandler](TArgs args, ServiceProvider sp, CommandBase`2 command)
   at OctoshiftCLI.Extensions.CommandExtensions.<>c__DisplayClass1_0`3.<<ConfigureCommand>b__0>d.MoveNext()
--- End of stack trace from previous location ---
   at System.CommandLine.Invocation.AnonymousCommandHandler.InvokeAsync(InvocationContext)
   at System.CommandLine.Invocation.InvocationPipeline.<>c__DisplayClass4_0.<<BuildInvocationChain>b__0>d.MoveNext()
--- End of stack trace from previous location ---
   at System.CommandLine.Builder.CommandLineBuilderExtensions.<>c__DisplayClass17_0.<<UseParseErrorReporting>b__0>d.MoveNext()
--- End of stack trace from previous location ---
   at System.CommandLine.Builder.CommandLineBuilderExtensions.<>c__DisplayClass12_0.<<UseHelp>b__0>d.MoveNext()
--- End of stack trace from previous location ---
   at System.CommandLine.Builder.CommandLineBuilderExtensions.<>c__DisplayClass22_0.<<UseVersionOption>b__0>d.MoveNext()
--- End of stack trace from previous location ---
   at System.CommandLine.Builder.CommandLineBuilderExtensions.<>c__DisplayClass19_0.<<UseTypoCorrections>b__0>d.MoveNext()
--- End of stack trace from previous location ---
   at System.CommandLine.Builder.CommandLineBuilderExtensions.<>c.<<UseSuggestDirective>b__18_0>d.MoveNext()
--- End of stack trace from previous location ---
   at System.CommandLine.Builder.CommandLineBuilderExtensions.<>c__DisplayClass16_0.<<UseParseDirective>b__0>d.MoveNext()
--- End of stack trace from previous location ---
   at System.CommandLine.Builder.CommandLineBuilderExtensions.<>c.<<RegisterWithDotnetSuggest>b__5_0>d.MoveNext()
--- End of stack trace from previous location ---
   at System.CommandLine.Builder.CommandLineBuilderExtensions.<>c__DisplayClass8_0.<<UseExceptionHandler>b__0>d.MoveNext()
