[2025-03-29 22:20:18] [DEBUG] HTTP GET: https://www.githubstatus.com/api/v2/incidents/unresolved.json
[2025-03-29 22:20:19] [DEBUG] RESPONSE (OK): {"page":{"id":"kctbh9vrtdwd","name":"GitHub","url":"https://www.githubstatus.com","time_zone":"Etc/UTC","updated_at":"2025-03-29T23:14:45.232Z"},"incidents":[]}
[2025-03-29 22:20:19] [DEBUG] HTTP GET: https://raw.githubusercontent.com/github/gh-gei/main/LATEST-VERSION.txt
[2025-03-29 22:20:19] [DEBUG] RESPONSE (OK): v1.12.0

[2025-03-29 22:20:19] [INFO] You are running an up-to-date version of the ado2gh CLI [v1.12.0]
[2025-03-29 22:20:19] [INFO] ADO ORG: prashanthkool7
[2025-03-29 22:20:19] [INFO] ADO TEAM PROJECT: satish_test
[2025-03-29 22:20:19] [INFO] ADO REPO: satish_test
[2025-03-29 22:20:19] [INFO] GITHUB ORG: RocketResume-ai
[2025-03-29 22:20:19] [INFO] GITHUB REPO: satish_test
[2025-03-29 22:20:19] [INFO] Migrating Repo...
[2025-03-29 22:20:20] [DEBUG] HTTP POST: https://api.github.com/graphql
[2025-03-29 22:20:20] [DEBUG] HTTP BODY: {"query":"query($login: String!) {organization(login: $login) { login, id, name } }","variables":{"login":"RocketResume-ai"}}
[2025-03-29 22:20:20] [DEBUG] GITHUB REQUEST ID: DFC5:1732A:E20FB20:1C56BBEE:67E8AA64
[2025-03-29 22:20:20] [DEBUG] RESPONSE (OK): {"data":{"organization":{"login":"RocketResume-ai","id":"O_kgDOB-5JvQ","name":"RocketResume-ai"}}}
[2025-03-29 22:20:20] [DEBUG] HTTP POST: https://api.github.com/graphql
[2025-03-29 22:20:20] [DEBUG] HTTP BODY: {"query":"mutation createMigrationSource($name: String!, $url: String!, $ownerId: ID!, $type: MigrationSourceType!) { createMigrationSource(input: {name: $name, url: $url, ownerId: $ownerId, type: $type}) { migrationSource { id, name, url, type } } }","variables":{"name":"Azure DevOps Source","url":"https://dev.azure.com","ownerId":"O_kgDOB-5JvQ","type":"AZURE_DEVOPS"},"operationName":"createMigrationSource"}
[2025-03-29 22:20:20] [DEBUG] GITHUB REQUEST ID: DFC5:1732A:E20FB94:1C56BCBE:67E8AA64
[2025-03-29 22:20:20] [DEBUG] RESPONSE (OK): {"data":{"createMigrationSource":{"migrationSource":{"id":"MS_kgDaACRiOWRlOGU0ZS0yMGM1LTQ1NzEtOGU2Zi0wNjJlN2YxNDViNWE","name":"Azure DevOps Source","url":"https://dev.azure.com","type":"AZURE_DEVOPS"}}}}
[2025-03-29 22:20:20] [DEBUG] HTTP POST: https://api.github.com/graphql
[2025-03-29 22:20:20] [DEBUG] HTTP BODY: {"query":"\n                mutation startRepositoryMigration(\n                    $sourceId: ID!,\n                    $ownerId: ID!,\n                    $sourceRepositoryUrl: URI!,\n                    $repositoryName: String!,\n                    $continueOnError: Boolean!,\n                    $gitArchiveUrl: String,\n                    $metadataArchiveUrl: String,\n                    $accessToken: String!,\n                    $githubPat: String,\n                    $skipReleases: Boolean,\n                    $targetRepoVisibility: String,\n                    $lockSource: Boolean) { \n                startRepositoryMigration(\n                    input: { \n                        sourceId: $sourceId,\n                        ownerId: $ownerId,\n                        sourceRepositoryUrl: $sourceRepositoryUrl,\n                        repositoryName: $repositoryName,\n                        continueOnError: $continueOnError,\n                        gitArchiveUrl: $gitArchiveUrl,\n                        metadataArchiveUrl: $metadataArchiveUrl,\n                        accessToken: $accessToken,\n                        githubPat: $githubPat,\n                        skipReleases: $skipReleases,\n                        targetRepoVisibility: $targetRepoVisibility,\n                        lockSource: $lockSource\n                    }\n                ) {\n                    repositoryMigration {\n                        id,\n                        databaseId,\n                        migrationSource {\n                            id,\n                            name,\n                            type\n                        },\n                        sourceUrl,\n                        state,\n                        failureReason\n                    }\n                  } }","variables":{"sourceId":"MS_kgDaACRiOWRlOGU0ZS0yMGM1LTQ1NzEtOGU2Zi0wNjJlN2YxNDViNWE","ownerId":"O_kgDOB-5JvQ","sourceRepositoryUrl":"https://dev.azure.com/prashanthkool7/satish_test/_git/satish_test","repositoryName":"satish_test","continueOnError":true,"gitArchiveUrl":null,"metadataArchiveUrl":null,"accessToken":"***","githubPat":"***","skipReleases":false,"targetRepoVisibility":null,"lockSource":false},"operationName":"startRepositoryMigration"}
[2025-03-29 22:20:22] [DEBUG] GITHUB REQUEST ID: DFC5:1732A:E20FCD3:1C56BF48:67E8AA64
[2025-03-29 22:20:22] [DEBUG] RESPONSE (OK): {"data":{"startRepositoryMigration":{"repositoryMigration":{"id":"RM_kgDaACQzYWI2ZDgwNy0xYjg2LTQxN2ItOTg5Yy1mNmM0MzAxYzQ4ZDE","databaseId":"3ab6d807-1b86-417b-989c-f6c4301c48d1","migrationSource":{"id":"MS_kgDaACRiOWRlOGU0ZS0yMGM1LTQ1NzEtOGU2Zi0wNjJlN2YxNDViNWE","name":"Azure DevOps Source","type":"AZURE_DEVOPS"},"sourceUrl":"https://dev.azure.com/prashanthkool7/satish_test/_git/satish_test","state":"PENDING_VALIDATION","failureReason":""}}}}
[2025-03-29 22:20:22] [DEBUG] HTTP POST: https://api.github.com/graphql
[2025-03-29 22:20:22] [DEBUG] HTTP BODY: {"query":"query($id: ID!) { \n                node(id: $id) {\n                    ... on Migration {\n                        id,\n                        sourceUrl,\n                        migrationLogUrl,\n                        migrationSource {\n                            name\n                        },\n                        state,\n                        warningsCount,\n                        failureReason,\n                        repositoryName\n                    }\n                } }","variables":{"id":"RM_kgDaACQzYWI2ZDgwNy0xYjg2LTQxN2ItOTg5Yy1mNmM0MzAxYzQ4ZDE"}}
[2025-03-29 22:20:22] [DEBUG] GITHUB REQUEST ID: DFC5:1732A:E2101CB:1C56C97B:67E8AA66
[2025-03-29 22:20:22] [DEBUG] RESPONSE (OK): {"data":{"node":{"id":"RM_kgDaACQzYWI2ZDgwNy0xYjg2LTQxN2ItOTg5Yy1mNmM0MzAxYzQ4ZDE","sourceUrl":"https://dev.azure.com/prashanthkool7/satish_test/_git/satish_test","migrationLogUrl":"","migrationSource":{"name":"Azure DevOps Source"},"state":"PENDING_VALIDATION","warningsCount":0,"failureReason":"","repositoryName":"satish_test"}}}
[2025-03-29 22:20:22] [INFO] Migration in progress (ID: RM_kgDaACQzYWI2ZDgwNy0xYjg2LTQxN2ItOTg5Yy1mNmM0MzAxYzQ4ZDE). State: PENDING_VALIDATION. Waiting 10 seconds...
[2025-03-29 22:20:32] [DEBUG] HTTP POST: https://api.github.com/graphql
[2025-03-29 22:20:33] [DEBUG] HTTP BODY: {"query":"query($id: ID!) { \n                node(id: $id) {\n                    ... on Migration {\n                        id,\n                        sourceUrl,\n                        migrationLogUrl,\n                        migrationSource {\n                            name\n                        },\n                        state,\n                        warningsCount,\n                        failureReason,\n                        repositoryName\n                    }\n                } }","variables":{"id":"RM_kgDaACQzYWI2ZDgwNy0xYjg2LTQxN2ItOTg5Yy1mNmM0MzAxYzQ4ZDE"}}
[2025-03-29 22:20:33] [DEBUG] GITHUB REQUEST ID: DFC5:1732A:E211E30:1C57028E:67E8AA67
[2025-03-29 22:20:33] [DEBUG] RESPONSE (OK): {"data":{"node":{"id":"RM_kgDaACQzYWI2ZDgwNy0xYjg2LTQxN2ItOTg5Yy1mNmM0MzAxYzQ4ZDE","sourceUrl":"https://dev.azure.com/prashanthkool7/satish_test/_git/satish_test","migrationLogUrl":"","migrationSource":{"name":"Azure DevOps Source"},"state":"IN_PROGRESS","warningsCount":0,"failureReason":"","repositoryName":"satish_test"}}}
[2025-03-29 22:20:33] [INFO] Migration in progress (ID: RM_kgDaACQzYWI2ZDgwNy0xYjg2LTQxN2ItOTg5Yy1mNmM0MzAxYzQ4ZDE). State: IN_PROGRESS. Waiting 10 seconds...
[2025-03-29 22:20:43] [DEBUG] HTTP POST: https://api.github.com/graphql
[2025-03-29 22:20:43] [DEBUG] HTTP BODY: {"query":"query($id: ID!) { \n                node(id: $id) {\n                    ... on Migration {\n                        id,\n                        sourceUrl,\n                        migrationLogUrl,\n                        migrationSource {\n                            name\n                        },\n                        state,\n                        warningsCount,\n                        failureReason,\n                        repositoryName\n                    }\n                } }","variables":{"id":"RM_kgDaACQzYWI2ZDgwNy0xYjg2LTQxN2ItOTg5Yy1mNmM0MzAxYzQ4ZDE"}}
[2025-03-29 22:20:43] [DEBUG] GITHUB REQUEST ID: DFC5:1732A:E213ACF:1C573AA5:67E8AA71
[2025-03-29 22:20:43] [DEBUG] RESPONSE (OK): {"data":{"node":{"id":"RM_kgDaACQzYWI2ZDgwNy0xYjg2LTQxN2ItOTg5Yy1mNmM0MzAxYzQ4ZDE","sourceUrl":"https://dev.azure.com/prashanthkool7/satish_test/_git/satish_test","migrationLogUrl":"","migrationSource":{"name":"Azure DevOps Source"},"state":"IN_PROGRESS","warningsCount":0,"failureReason":"","repositoryName":"satish_test"}}}
[2025-03-29 22:20:43] [INFO] Migration in progress (ID: RM_kgDaACQzYWI2ZDgwNy0xYjg2LTQxN2ItOTg5Yy1mNmM0MzAxYzQ4ZDE). State: IN_PROGRESS. Waiting 10 seconds...
[2025-03-29 22:20:53] [DEBUG] HTTP POST: https://api.github.com/graphql
[2025-03-29 22:20:53] [DEBUG] HTTP BODY: {"query":"query($id: ID!) { \n                node(id: $id) {\n                    ... on Migration {\n                        id,\n                        sourceUrl,\n                        migrationLogUrl,\n                        migrationSource {\n                            name\n                        },\n                        state,\n                        warningsCount,\n                        failureReason,\n                        repositoryName\n                    }\n                } }","variables":{"id":"RM_kgDaACQzYWI2ZDgwNy0xYjg2LTQxN2ItOTg5Yy1mNmM0MzAxYzQ4ZDE"}}
[2025-03-29 22:20:53] [DEBUG] GITHUB REQUEST ID: DFC5:1732A:E215401:1C576D51:67E8AA7B
[2025-03-29 22:20:53] [DEBUG] RESPONSE (OK): {"data":{"node":{"id":"RM_kgDaACQzYWI2ZDgwNy0xYjg2LTQxN2ItOTg5Yy1mNmM0MzAxYzQ4ZDE","sourceUrl":"https://dev.azure.com/prashanthkool7/satish_test/_git/satish_test","migrationLogUrl":"","migrationSource":{"name":"Azure DevOps Source"},"state":"IN_PROGRESS","warningsCount":0,"failureReason":"","repositoryName":"satish_test"}}}
[2025-03-29 22:20:53] [INFO] Migration in progress (ID: RM_kgDaACQzYWI2ZDgwNy0xYjg2LTQxN2ItOTg5Yy1mNmM0MzAxYzQ4ZDE). State: IN_PROGRESS. Waiting 10 seconds...
[2025-03-29 22:21:03] [DEBUG] HTTP POST: https://api.github.com/graphql
[2025-03-29 22:21:03] [DEBUG] HTTP BODY: {"query":"query($id: ID!) { \n                node(id: $id) {\n                    ... on Migration {\n                        id,\n                        sourceUrl,\n                        migrationLogUrl,\n                        migrationSource {\n                            name\n                        },\n                        state,\n                        warningsCount,\n                        failureReason,\n                        repositoryName\n                    }\n                } }","variables":{"id":"RM_kgDaACQzYWI2ZDgwNy0xYjg2LTQxN2ItOTg5Yy1mNmM0MzAxYzQ4ZDE"}}
[2025-03-29 22:21:03] [DEBUG] GITHUB REQUEST ID: DFC5:1732A:E216EEC:1C57A337:67E8AA85
[2025-03-29 22:21:03] [DEBUG] RESPONSE (OK): {"data":{"node":{"id":"RM_kgDaACQzYWI2ZDgwNy0xYjg2LTQxN2ItOTg5Yy1mNmM0MzAxYzQ4ZDE","sourceUrl":"https://dev.azure.com/prashanthkool7/satish_test/_git/satish_test","migrationLogUrl":"","migrationSource":{"name":"Azure DevOps Source"},"state":"IN_PROGRESS","warningsCount":0,"failureReason":"","repositoryName":"satish_test"}}}
[2025-03-29 22:21:03] [INFO] Migration in progress (ID: RM_kgDaACQzYWI2ZDgwNy0xYjg2LTQxN2ItOTg5Yy1mNmM0MzAxYzQ4ZDE). State: IN_PROGRESS. Waiting 10 seconds...
[2025-03-29 22:21:13] [DEBUG] HTTP POST: https://api.github.com/graphql
[2025-03-29 22:21:14] [DEBUG] HTTP BODY: {"query":"query($id: ID!) { \n                node(id: $id) {\n                    ... on Migration {\n                        id,\n                        sourceUrl,\n                        migrationLogUrl,\n                        migrationSource {\n                            name\n                        },\n                        state,\n                        warningsCount,\n                        failureReason,\n                        repositoryName\n                    }\n                } }","variables":{"id":"RM_kgDaACQzYWI2ZDgwNy0xYjg2LTQxN2ItOTg5Yy1mNmM0MzAxYzQ4ZDE"}}
[2025-03-29 22:21:14] [DEBUG] GITHUB REQUEST ID: DFC5:1732A:E218BD7:1C57DD97:67E8AA90
[2025-03-29 22:21:14] [DEBUG] RESPONSE (OK): {"data":{"node":{"id":"RM_kgDaACQzYWI2ZDgwNy0xYjg2LTQxN2ItOTg5Yy1mNmM0MzAxYzQ4ZDE","sourceUrl":"https://dev.azure.com/prashanthkool7/satish_test/_git/satish_test","migrationLogUrl":"","migrationSource":{"name":"Azure DevOps Source"},"state":"IN_PROGRESS","warningsCount":0,"failureReason":"","repositoryName":"satish_test"}}}
[2025-03-29 22:21:14] [INFO] Migration in progress (ID: RM_kgDaACQzYWI2ZDgwNy0xYjg2LTQxN2ItOTg5Yy1mNmM0MzAxYzQ4ZDE). State: IN_PROGRESS. Waiting 10 seconds...
[2025-03-29 22:21:24] [DEBUG] HTTP POST: https://api.github.com/graphql
[2025-03-29 22:21:24] [DEBUG] HTTP BODY: {"query":"query($id: ID!) { \n                node(id: $id) {\n                    ... on Migration {\n                        id,\n                        sourceUrl,\n                        migrationLogUrl,\n                        migrationSource {\n                            name\n                        },\n                        state,\n                        warningsCount,\n                        failureReason,\n                        repositoryName\n                    }\n                } }","variables":{"id":"RM_kgDaACQzYWI2ZDgwNy0xYjg2LTQxN2ItOTg5Yy1mNmM0MzAxYzQ4ZDE"}}
[2025-03-29 22:21:24] [DEBUG] GITHUB REQUEST ID: DFC5:1732A:E21A844:1C5816CA:67E8AA9A
[2025-03-29 22:21:24] [DEBUG] RESPONSE (OK): {"data":{"node":{"id":"RM_kgDaACQzYWI2ZDgwNy0xYjg2LTQxN2ItOTg5Yy1mNmM0MzAxYzQ4ZDE","sourceUrl":"https://dev.azure.com/prashanthkool7/satish_test/_git/satish_test","migrationLogUrl":"","migrationSource":{"name":"Azure DevOps Source"},"state":"IN_PROGRESS","warningsCount":0,"failureReason":"","repositoryName":"satish_test"}}}
[2025-03-29 22:21:24] [INFO] Migration in progress (ID: RM_kgDaACQzYWI2ZDgwNy0xYjg2LTQxN2ItOTg5Yy1mNmM0MzAxYzQ4ZDE). State: IN_PROGRESS. Waiting 10 seconds...
[2025-03-29 22:21:34] [DEBUG] HTTP POST: https://api.github.com/graphql
[2025-03-29 22:21:34] [DEBUG] HTTP BODY: {"query":"query($id: ID!) { \n                node(id: $id) {\n                    ... on Migration {\n                        id,\n                        sourceUrl,\n                        migrationLogUrl,\n                        migrationSource {\n                            name\n                        },\n                        state,\n                        warningsCount,\n                        failureReason,\n                        repositoryName\n                    }\n                } }","variables":{"id":"RM_kgDaACQzYWI2ZDgwNy0xYjg2LTQxN2ItOTg5Yy1mNmM0MzAxYzQ4ZDE"}}
[2025-03-29 22:21:34] [DEBUG] GITHUB REQUEST ID: DFC5:1732A:E21C38D:1C584D99:67E8AAA4
[2025-03-29 22:21:34] [DEBUG] RESPONSE (OK): {"data":{"node":{"id":"RM_kgDaACQzYWI2ZDgwNy0xYjg2LTQxN2ItOTg5Yy1mNmM0MzAxYzQ4ZDE","sourceUrl":"https://dev.azure.com/prashanthkool7/satish_test/_git/satish_test","migrationLogUrl":"","migrationSource":{"name":"Azure DevOps Source"},"state":"IN_PROGRESS","warningsCount":0,"failureReason":"","repositoryName":"satish_test"}}}
[2025-03-29 22:21:34] [INFO] Migration in progress (ID: RM_kgDaACQzYWI2ZDgwNy0xYjg2LTQxN2ItOTg5Yy1mNmM0MzAxYzQ4ZDE). State: IN_PROGRESS. Waiting 10 seconds...
[2025-03-29 22:21:44] [DEBUG] HTTP POST: https://api.github.com/graphql
[2025-03-29 22:21:44] [DEBUG] HTTP BODY: {"query":"query($id: ID!) { \n                node(id: $id) {\n                    ... on Migration {\n                        id,\n                        sourceUrl,\n                        migrationLogUrl,\n                        migrationSource {\n                            name\n                        },\n                        state,\n                        warningsCount,\n                        failureReason,\n                        repositoryName\n                    }\n                } }","variables":{"id":"RM_kgDaACQzYWI2ZDgwNy0xYjg2LTQxN2ItOTg5Yy1mNmM0MzAxYzQ4ZDE"}}
[2025-03-29 22:21:45] [DEBUG] GITHUB REQUEST ID: DFC5:1732A:E21DBC9:1C587E9F:67E8AAAF
[2025-03-29 22:21:45] [DEBUG] RESPONSE (OK): {"data":{"node":{"id":"RM_kgDaACQzYWI2ZDgwNy0xYjg2LTQxN2ItOTg5Yy1mNmM0MzAxYzQ4ZDE","sourceUrl":"https://dev.azure.com/prashanthkool7/satish_test/_git/satish_test","migrationLogUrl":"","migrationSource":{"name":"Azure DevOps Source"},"state":"IN_PROGRESS","warningsCount":0,"failureReason":"","repositoryName":"satish_test"}}}
[2025-03-29 22:21:45] [INFO] Migration in progress (ID: RM_kgDaACQzYWI2ZDgwNy0xYjg2LTQxN2ItOTg5Yy1mNmM0MzAxYzQ4ZDE). State: IN_PROGRESS. Waiting 10 seconds...
[2025-03-29 22:21:55] [DEBUG] HTTP POST: https://api.github.com/graphql
[2025-03-29 22:21:55] [DEBUG] HTTP BODY: {"query":"query($id: ID!) { \n                node(id: $id) {\n                    ... on Migration {\n                        id,\n                        sourceUrl,\n                        migrationLogUrl,\n                        migrationSource {\n                            name\n                        },\n                        state,\n                        warningsCount,\n                        failureReason,\n                        repositoryName\n                    }\n                } }","variables":{"id":"RM_kgDaACQzYWI2ZDgwNy0xYjg2LTQxN2ItOTg5Yy1mNmM0MzAxYzQ4ZDE"}}
[2025-03-29 22:21:55] [DEBUG] GITHUB REQUEST ID: DFC5:1732A:E21F49B:1C58B077:67E8AAB9
[2025-03-29 22:21:55] [DEBUG] RESPONSE (OK): {"data":{"node":{"id":"RM_kgDaACQzYWI2ZDgwNy0xYjg2LTQxN2ItOTg5Yy1mNmM0MzAxYzQ4ZDE","sourceUrl":"https://dev.azure.com/prashanthkool7/satish_test/_git/satish_test","migrationLogUrl":"","migrationSource":{"name":"Azure DevOps Source"},"state":"IN_PROGRESS","warningsCount":0,"failureReason":"","repositoryName":"satish_test"}}}
[2025-03-29 22:21:55] [INFO] Migration in progress (ID: RM_kgDaACQzYWI2ZDgwNy0xYjg2LTQxN2ItOTg5Yy1mNmM0MzAxYzQ4ZDE). State: IN_PROGRESS. Waiting 10 seconds...
[2025-03-29 22:22:05] [DEBUG] HTTP POST: https://api.github.com/graphql
[2025-03-29 22:22:05] [DEBUG] HTTP BODY: {"query":"query($id: ID!) { \n                node(id: $id) {\n                    ... on Migration {\n                        id,\n                        sourceUrl,\n                        migrationLogUrl,\n                        migrationSource {\n                            name\n                        },\n                        state,\n                        warningsCount,\n                        failureReason,\n                        repositoryName\n                    }\n                } }","variables":{"id":"RM_kgDaACQzYWI2ZDgwNy0xYjg2LTQxN2ItOTg5Yy1mNmM0MzAxYzQ4ZDE"}}
[2025-03-29 22:22:06] [DEBUG] GITHUB REQUEST ID: DFC5:1732A:E220E12:1C58E42D:67E8AAC3
[2025-03-29 22:22:06] [DEBUG] RESPONSE (OK): {"data":{"node":{"id":"RM_kgDaACQzYWI2ZDgwNy0xYjg2LTQxN2ItOTg5Yy1mNmM0MzAxYzQ4ZDE","sourceUrl":"https://dev.azure.com/prashanthkool7/satish_test/_git/satish_test","migrationLogUrl":"","migrationSource":{"name":"Azure DevOps Source"},"state":"IN_PROGRESS","warningsCount":0,"failureReason":"","repositoryName":"satish_test"}}}
[2025-03-29 22:22:06] [INFO] Migration in progress (ID: RM_kgDaACQzYWI2ZDgwNy0xYjg2LTQxN2ItOTg5Yy1mNmM0MzAxYzQ4ZDE). State: IN_PROGRESS. Waiting 10 seconds...
[2025-03-29 22:22:16] [DEBUG] HTTP POST: https://api.github.com/graphql
[2025-03-29 22:22:16] [DEBUG] HTTP BODY: {"query":"query($id: ID!) { \n                node(id: $id) {\n                    ... on Migration {\n                        id,\n                        sourceUrl,\n                        migrationLogUrl,\n                        migrationSource {\n                            name\n                        },\n                        state,\n                        warningsCount,\n                        failureReason,\n                        repositoryName\n                    }\n                } }","variables":{"id":"RM_kgDaACQzYWI2ZDgwNy0xYjg2LTQxN2ItOTg5Yy1mNmM0MzAxYzQ4ZDE"}}
[2025-03-29 22:22:16] [DEBUG] GITHUB REQUEST ID: DFC5:1732A:E222D6C:1C59235C:67E8AACE
[2025-03-29 22:22:16] [DEBUG] RESPONSE (OK): {"data":{"node":{"id":"RM_kgDaACQzYWI2ZDgwNy0xYjg2LTQxN2ItOTg5Yy1mNmM0MzAxYzQ4ZDE","sourceUrl":"https://dev.azure.com/prashanthkool7/satish_test/_git/satish_test","migrationLogUrl":"","migrationSource":{"name":"Azure DevOps Source"},"state":"IN_PROGRESS","warningsCount":0,"failureReason":"","repositoryName":"satish_test"}}}
[2025-03-29 22:22:16] [INFO] Migration in progress (ID: RM_kgDaACQzYWI2ZDgwNy0xYjg2LTQxN2ItOTg5Yy1mNmM0MzAxYzQ4ZDE). State: IN_PROGRESS. Waiting 10 seconds...
[2025-03-29 22:22:26] [DEBUG] HTTP POST: https://api.github.com/graphql
[2025-03-29 22:22:26] [DEBUG] HTTP BODY: {"query":"query($id: ID!) { \n                node(id: $id) {\n                    ... on Migration {\n                        id,\n                        sourceUrl,\n                        migrationLogUrl,\n                        migrationSource {\n                            name\n                        },\n                        state,\n                        warningsCount,\n                        failureReason,\n                        repositoryName\n                    }\n                } }","variables":{"id":"RM_kgDaACQzYWI2ZDgwNy0xYjg2LTQxN2ItOTg5Yy1mNmM0MzAxYzQ4ZDE"}}
[2025-03-29 22:22:26] [DEBUG] GITHUB REQUEST ID: DFC5:1732A:E224865:1C595A3B:67E8AAD8
[2025-03-29 22:22:26] [DEBUG] RESPONSE (OK): {"data":{"node":{"id":"RM_kgDaACQzYWI2ZDgwNy0xYjg2LTQxN2ItOTg5Yy1mNmM0MzAxYzQ4ZDE","sourceUrl":"https://dev.azure.com/prashanthkool7/satish_test/_git/satish_test","migrationLogUrl":"","migrationSource":{"name":"Azure DevOps Source"},"state":"IN_PROGRESS","warningsCount":0,"failureReason":"","repositoryName":"satish_test"}}}
[2025-03-29 22:22:26] [INFO] Migration in progress (ID: RM_kgDaACQzYWI2ZDgwNy0xYjg2LTQxN2ItOTg5Yy1mNmM0MzAxYzQ4ZDE). State: IN_PROGRESS. Waiting 10 seconds...
[2025-03-29 22:22:36] [DEBUG] HTTP POST: https://api.github.com/graphql
[2025-03-29 22:22:36] [DEBUG] HTTP BODY: {"query":"query($id: ID!) { \n                node(id: $id) {\n                    ... on Migration {\n                        id,\n                        sourceUrl,\n                        migrationLogUrl,\n                        migrationSource {\n                            name\n                        },\n                        state,\n                        warningsCount,\n                        failureReason,\n                        repositoryName\n                    }\n                } }","variables":{"id":"RM_kgDaACQzYWI2ZDgwNy0xYjg2LTQxN2ItOTg5Yy1mNmM0MzAxYzQ4ZDE"}}
[2025-03-29 22:22:36] [DEBUG] GITHUB REQUEST ID: DFC5:1732A:E226309:1C599034:67E8AAE2
[2025-03-29 22:22:36] [DEBUG] RESPONSE (OK): {"data":{"node":{"id":"RM_kgDaACQzYWI2ZDgwNy0xYjg2LTQxN2ItOTg5Yy1mNmM0MzAxYzQ4ZDE","sourceUrl":"https://dev.azure.com/prashanthkool7/satish_test/_git/satish_test","migrationLogUrl":"","migrationSource":{"name":"Azure DevOps Source"},"state":"IN_PROGRESS","warningsCount":0,"failureReason":"","repositoryName":"satish_test"}}}
[2025-03-29 22:22:36] [INFO] Migration in progress (ID: RM_kgDaACQzYWI2ZDgwNy0xYjg2LTQxN2ItOTg5Yy1mNmM0MzAxYzQ4ZDE). State: IN_PROGRESS. Waiting 10 seconds...
[2025-03-29 22:22:46] [DEBUG] HTTP POST: https://api.github.com/graphql
[2025-03-29 22:22:46] [DEBUG] HTTP BODY: {"query":"query($id: ID!) { \n                node(id: $id) {\n                    ... on Migration {\n                        id,\n                        sourceUrl,\n                        migrationLogUrl,\n                        migrationSource {\n                            name\n                        },\n                        state,\n                        warningsCount,\n                        failureReason,\n                        repositoryName\n                    }\n                } }","variables":{"id":"RM_kgDaACQzYWI2ZDgwNy0xYjg2LTQxN2ItOTg5Yy1mNmM0MzAxYzQ4ZDE"}}
[2025-03-29 22:22:47] [DEBUG] GITHUB REQUEST ID: DFC5:1732A:E227C1F:1C59C27B:67E8AAED
[2025-03-29 22:22:47] [DEBUG] RESPONSE (OK): {"data":{"node":{"id":"RM_kgDaACQzYWI2ZDgwNy0xYjg2LTQxN2ItOTg5Yy1mNmM0MzAxYzQ4ZDE","sourceUrl":"https://dev.azure.com/prashanthkool7/satish_test/_git/satish_test","migrationLogUrl":"","migrationSource":{"name":"Azure DevOps Source"},"state":"IN_PROGRESS","warningsCount":0,"failureReason":"","repositoryName":"satish_test"}}}
[2025-03-29 22:22:47] [INFO] Migration in progress (ID: RM_kgDaACQzYWI2ZDgwNy0xYjg2LTQxN2ItOTg5Yy1mNmM0MzAxYzQ4ZDE). State: IN_PROGRESS. Waiting 10 seconds...
[2025-03-29 22:22:57] [DEBUG] HTTP POST: https://api.github.com/graphql
[2025-03-29 22:22:57] [DEBUG] HTTP BODY: {"query":"query($id: ID!) { \n                node(id: $id) {\n                    ... on Migration {\n                        id,\n                        sourceUrl,\n                        migrationLogUrl,\n                        migrationSource {\n                            name\n                        },\n                        state,\n                        warningsCount,\n                        failureReason,\n                        repositoryName\n                    }\n                } }","variables":{"id":"RM_kgDaACQzYWI2ZDgwNy0xYjg2LTQxN2ItOTg5Yy1mNmM0MzAxYzQ4ZDE"}}
[2025-03-29 22:22:57] [DEBUG] GITHUB REQUEST ID: DFC5:1732A:E2296A2:1C59F624:67E8AAF7
[2025-03-29 22:22:57] [DEBUG] RESPONSE (OK): {"data":{"node":{"id":"RM_kgDaACQzYWI2ZDgwNy0xYjg2LTQxN2ItOTg5Yy1mNmM0MzAxYzQ4ZDE","sourceUrl":"https://dev.azure.com/prashanthkool7/satish_test/_git/satish_test","migrationLogUrl":"","migrationSource":{"name":"Azure DevOps Source"},"state":"IN_PROGRESS","warningsCount":0,"failureReason":"","repositoryName":"satish_test"}}}
[2025-03-29 22:22:57] [INFO] Migration in progress (ID: RM_kgDaACQzYWI2ZDgwNy0xYjg2LTQxN2ItOTg5Yy1mNmM0MzAxYzQ4ZDE). State: IN_PROGRESS. Waiting 10 seconds...
[2025-03-29 22:23:07] [DEBUG] HTTP POST: https://api.github.com/graphql
[2025-03-29 22:23:07] [DEBUG] HTTP BODY: {"query":"query($id: ID!) { \n                node(id: $id) {\n                    ... on Migration {\n                        id,\n                        sourceUrl,\n                        migrationLogUrl,\n                        migrationSource {\n                            name\n                        },\n                        state,\n                        warningsCount,\n                        failureReason,\n                        repositoryName\n                    }\n                } }","variables":{"id":"RM_kgDaACQzYWI2ZDgwNy0xYjg2LTQxN2ItOTg5Yy1mNmM0MzAxYzQ4ZDE"}}
[2025-03-29 22:23:07] [DEBUG] GITHUB REQUEST ID: DFC5:1732A:E22B197:1C5A2C90:67E8AB01
[2025-03-29 22:23:07] [DEBUG] RESPONSE (OK): {"data":{"node":{"id":"RM_kgDaACQzYWI2ZDgwNy0xYjg2LTQxN2ItOTg5Yy1mNmM0MzAxYzQ4ZDE","sourceUrl":"https://dev.azure.com/prashanthkool7/satish_test/_git/satish_test","migrationLogUrl":"","migrationSource":{"name":"Azure DevOps Source"},"state":"IN_PROGRESS","warningsCount":0,"failureReason":"","repositoryName":"satish_test"}}}
[2025-03-29 22:23:07] [INFO] Migration in progress (ID: RM_kgDaACQzYWI2ZDgwNy0xYjg2LTQxN2ItOTg5Yy1mNmM0MzAxYzQ4ZDE). State: IN_PROGRESS. Waiting 10 seconds...
[2025-03-29 22:23:17] [DEBUG] HTTP POST: https://api.github.com/graphql
[2025-03-29 22:23:17] [DEBUG] HTTP BODY: {"query":"query($id: ID!) { \n                node(id: $id) {\n                    ... on Migration {\n                        id,\n                        sourceUrl,\n                        migrationLogUrl,\n                        migrationSource {\n                            name\n                        },\n                        state,\n                        warningsCount,\n                        failureReason,\n                        repositoryName\n                    }\n                } }","variables":{"id":"RM_kgDaACQzYWI2ZDgwNy0xYjg2LTQxN2ItOTg5Yy1mNmM0MzAxYzQ4ZDE"}}
[2025-03-29 22:23:17] [DEBUG] GITHUB REQUEST ID: DFC5:1732A:E22CFCA:1C5A6945:67E8AB0B
[2025-03-29 22:23:17] [DEBUG] RESPONSE (OK): {"data":{"node":{"id":"RM_kgDaACQzYWI2ZDgwNy0xYjg2LTQxN2ItOTg5Yy1mNmM0MzAxYzQ4ZDE","sourceUrl":"https://dev.azure.com/prashanthkool7/satish_test/_git/satish_test","migrationLogUrl":"","migrationSource":{"name":"Azure DevOps Source"},"state":"IN_PROGRESS","warningsCount":0,"failureReason":"","repositoryName":"satish_test"}}}
[2025-03-29 22:23:17] [INFO] Migration in progress (ID: RM_kgDaACQzYWI2ZDgwNy0xYjg2LTQxN2ItOTg5Yy1mNmM0MzAxYzQ4ZDE). State: IN_PROGRESS. Waiting 10 seconds...
[2025-03-29 22:23:27] [DEBUG] HTTP POST: https://api.github.com/graphql
[2025-03-29 22:23:27] [DEBUG] HTTP BODY: {"query":"query($id: ID!) { \n                node(id: $id) {\n                    ... on Migration {\n                        id,\n                        sourceUrl,\n                        migrationLogUrl,\n                        migrationSource {\n                            name\n                        },\n                        state,\n                        warningsCount,\n                        failureReason,\n                        repositoryName\n                    }\n                } }","variables":{"id":"RM_kgDaACQzYWI2ZDgwNy0xYjg2LTQxN2ItOTg5Yy1mNmM0MzAxYzQ4ZDE"}}
[2025-03-29 22:23:28] [DEBUG] GITHUB REQUEST ID: DFC5:1732A:E22EB19:1C5AA005:67E8AB16
[2025-03-29 22:23:28] [DEBUG] RESPONSE (OK): {"data":{"node":{"id":"RM_kgDaACQzYWI2ZDgwNy0xYjg2LTQxN2ItOTg5Yy1mNmM0MzAxYzQ4ZDE","sourceUrl":"https://dev.azure.com/prashanthkool7/satish_test/_git/satish_test","migrationLogUrl":"","migrationSource":{"name":"Azure DevOps Source"},"state":"SUCCEEDED","warningsCount":0,"failureReason":"","repositoryName":"satish_test"}}}
[2025-03-29 22:23:28] [INFO] Migration completed (ID: RM_kgDaACQzYWI2ZDgwNy0xYjg2LTQxN2ItOTg5Yy1mNmM0MzAxYzQ4ZDE)! State: SUCCEEDED
[2025-03-29 22:23:28] [INFO] Migration log available at  or by running `gh ado2gh download-logs --github-org RocketResume-ai --github-repo satish_test`
