[2025-03-29 22:12:09] [INFO] You are running an up-to-date version of the ado2gh CLI [v1.12.0]
[2025-03-29 22:12:09] [INFO] ADO ORG: prashanthkool7
[2025-03-29 22:12:09] [INFO] ADO TEAM PROJECT: Prashanth_Test
[2025-03-29 22:12:09] [INFO] ADO REPO: Prashanth_Test
[2025-03-29 22:12:09] [INFO] GITHUB ORG: RocketResume-ai
[2025-03-29 22:12:09] [INFO] GITHUB REPO: Prashanth_Test-Prashanth_Test
[2025-03-29 22:12:09] [INFO] Migrating Repo...
[2025-03-29 22:12:13] [INFO] Migration in progress (ID: RM_kgDaACQ1ZjM2YThiYi0yMzY3LTQwZmMtYTNjMS03M2M2NmZlZDNlZDU). State: PENDING_VALIDATION. Waiting 10 seconds...
[2025-03-29 22:12:24] [INFO] Migration in progress (ID: RM_kgDaACQ1ZjM2YThiYi0yMzY3LTQwZmMtYTNjMS03M2M2NmZlZDNlZDU). State: IN_PROGRESS. Waiting 10 seconds...
[2025-03-29 22:12:34] [INFO] Migration in progress (ID: RM_kgDaACQ1ZjM2YThiYi0yMzY3LTQwZmMtYTNjMS03M2M2NmZlZDNlZDU). State: IN_PROGRESS. Waiting 10 seconds...
[2025-03-29 22:12:44] [INFO] Migration in progress (ID: RM_kgDaACQ1ZjM2YThiYi0yMzY3LTQwZmMtYTNjMS03M2M2NmZlZDNlZDU). State: IN_PROGRESS. Waiting 10 seconds...
[2025-03-29 22:12:54] [INFO] Migration in progress (ID: RM_kgDaACQ1ZjM2YThiYi0yMzY3LTQwZmMtYTNjMS03M2M2NmZlZDNlZDU). State: IN_PROGRESS. Waiting 10 seconds...
[2025-03-29 22:13:05] [INFO] Migration in progress (ID: RM_kgDaACQ1ZjM2YThiYi0yMzY3LTQwZmMtYTNjMS03M2M2NmZlZDNlZDU). State: IN_PROGRESS. Waiting 10 seconds...
[2025-03-29 22:13:15] [INFO] Migration in progress (ID: RM_kgDaACQ1ZjM2YThiYi0yMzY3LTQwZmMtYTNjMS03M2M2NmZlZDNlZDU). State: IN_PROGRESS. Waiting 10 seconds...
[2025-03-29 22:13:26] [INFO] Migration in progress (ID: RM_kgDaACQ1ZjM2YThiYi0yMzY3LTQwZmMtYTNjMS03M2M2NmZlZDNlZDU). State: IN_PROGRESS. Waiting 10 seconds...
[2025-03-29 22:13:36] [INFO] Migration in progress (ID: RM_kgDaACQ1ZjM2YThiYi0yMzY3LTQwZmMtYTNjMS03M2M2NmZlZDNlZDU). State: IN_PROGRESS. Waiting 10 seconds...
[2025-03-29 22:13:46] [INFO] Migration in progress (ID: RM_kgDaACQ1ZjM2YThiYi0yMzY3LTQwZmMtYTNjMS03M2M2NmZlZDNlZDU). State: IN_PROGRESS. Waiting 10 seconds...
[2025-03-29 22:13:56] [INFO] Migration in progress (ID: RM_kgDaACQ1ZjM2YThiYi0yMzY3LTQwZmMtYTNjMS03M2M2NmZlZDNlZDU). State: IN_PROGRESS. Waiting 10 seconds...
[2025-03-29 22:14:07] [INFO] Migration in progress (ID: RM_kgDaACQ1ZjM2YThiYi0yMzY3LTQwZmMtYTNjMS03M2M2NmZlZDNlZDU). State: IN_PROGRESS. Waiting 10 seconds...
[2025-03-29 22:14:17] [INFO] Migration in progress (ID: RM_kgDaACQ1ZjM2YThiYi0yMzY3LTQwZmMtYTNjMS03M2M2NmZlZDNlZDU). State: IN_PROGRESS. Waiting 10 seconds...
[2025-03-29 22:14:27] [INFO] Migration in progress (ID: RM_kgDaACQ1ZjM2YThiYi0yMzY3LTQwZmMtYTNjMS03M2M2NmZlZDNlZDU). State: IN_PROGRESS. Waiting 10 seconds...
[2025-03-29 22:14:37] [INFO] Migration in progress (ID: RM_kgDaACQ1ZjM2YThiYi0yMzY3LTQwZmMtYTNjMS03M2M2NmZlZDNlZDU). State: IN_PROGRESS. Waiting 10 seconds...
[2025-03-29 22:14:48] [INFO] Migration in progress (ID: RM_kgDaACQ1ZjM2YThiYi0yMzY3LTQwZmMtYTNjMS03M2M2NmZlZDNlZDU). State: IN_PROGRESS. Waiting 10 seconds...
[2025-03-29 22:14:58] [INFO] Migration in progress (ID: RM_kgDaACQ1ZjM2YThiYi0yMzY3LTQwZmMtYTNjMS03M2M2NmZlZDNlZDU). State: IN_PROGRESS. Waiting 10 seconds...
[2025-03-29 22:15:08] [INFO] Migration in progress (ID: RM_kgDaACQ1ZjM2YThiYi0yMzY3LTQwZmMtYTNjMS03M2M2NmZlZDNlZDU). State: IN_PROGRESS. Waiting 10 seconds...
[2025-03-29 22:15:19] [INFO] Migration in progress (ID: RM_kgDaACQ1ZjM2YThiYi0yMzY3LTQwZmMtYTNjMS03M2M2NmZlZDNlZDU). State: IN_PROGRESS. Waiting 10 seconds...
[2025-03-29 22:15:29] [INFO] Migration in progress (ID: RM_kgDaACQ1ZjM2YThiYi0yMzY3LTQwZmMtYTNjMS03M2M2NmZlZDNlZDU). State: IN_PROGRESS. Waiting 10 seconds...
[2025-03-29 22:15:39] [INFO] Migration in progress (ID: RM_kgDaACQ1ZjM2YThiYi0yMzY3LTQwZmMtYTNjMS03M2M2NmZlZDNlZDU). State: IN_PROGRESS. Waiting 10 seconds...
[2025-03-29 22:15:50] [INFO] Migration in progress (ID: RM_kgDaACQ1ZjM2YThiYi0yMzY3LTQwZmMtYTNjMS03M2M2NmZlZDNlZDU). State: IN_PROGRESS. Waiting 10 seconds...
[2025-03-29 22:16:00] [INFO] Migration completed (ID: RM_kgDaACQ1ZjM2YThiYi0yMzY3LTQwZmMtYTNjMS03M2M2NmZlZDNlZDU)! State: SUCCEEDED
[2025-03-29 22:16:00] [INFO] Migration log available at https://objects-origin.githubusercontent.com/octoshiftmigrationlogs/RocketResume-ai/Prashanth_Test-Prashanth_Test-5f36a8bb-2367-40fc-a3c1-73c66fed3ed5-logs.txt?X-Amz-Algorithm=AWS4-HMAC-SHA256&X-Amz-Credential=***%2F20250330%2Fus-east-1%2Fs3%2Faws4_request&X-Amz-Date=20250330T021556Z&X-Amz-Expires=432000&X-Amz-Signature=359ed45257224b101848584791bd8c685ffac79f076f46cdfc5c5d5fab4af3d8&X-Amz-SignedHeaders=host or by running `gh ado2gh download-logs --github-org RocketResume-ai --github-repo Prashanth_Test-Prashanth_Test`
