[2025-03-29 22:20:19] [INFO] You are running an up-to-date version of the ado2gh CLI [v1.12.0]
[2025-03-29 22:20:19] [INFO] ADO ORG: prashanthkool7
[2025-03-29 22:20:19] [INFO] ADO TEAM PROJECT: satish_test
[2025-03-29 22:20:19] [INFO] ADO REPO: satish_test
[2025-03-29 22:20:19] [INFO] GITHUB ORG: RocketResume-ai
[2025-03-29 22:20:19] [INFO] GITHUB REPO: satish_test
[2025-03-29 22:20:19] [INFO] Migrating Repo...
[2025-03-29 22:20:22] [INFO] Migration in progress (ID: RM_kgDaACQzYWI2ZDgwNy0xYjg2LTQxN2ItOTg5Yy1mNmM0MzAxYzQ4ZDE). State: PENDING_VALIDATION. Waiting 10 seconds...
[2025-03-29 22:20:33] [INFO] Migration in progress (ID: RM_kgDaACQzYWI2ZDgwNy0xYjg2LTQxN2ItOTg5Yy1mNmM0MzAxYzQ4ZDE). State: IN_PROGRESS. Waiting 10 seconds...
[2025-03-29 22:20:43] [INFO] Migration in progress (ID: RM_kgDaACQzYWI2ZDgwNy0xYjg2LTQxN2ItOTg5Yy1mNmM0MzAxYzQ4ZDE). State: IN_PROGRESS. Waiting 10 seconds...
[2025-03-29 22:20:53] [INFO] Migration in progress (ID: RM_kgDaACQzYWI2ZDgwNy0xYjg2LTQxN2ItOTg5Yy1mNmM0MzAxYzQ4ZDE). State: IN_PROGRESS. Waiting 10 seconds...
[2025-03-29 22:21:03] [INFO] Migration in progress (ID: RM_kgDaACQzYWI2ZDgwNy0xYjg2LTQxN2ItOTg5Yy1mNmM0MzAxYzQ4ZDE). State: IN_PROGRESS. Waiting 10 seconds...
[2025-03-29 22:21:14] [INFO] Migration in progress (ID: RM_kgDaACQzYWI2ZDgwNy0xYjg2LTQxN2ItOTg5Yy1mNmM0MzAxYzQ4ZDE). State: IN_PROGRESS. Waiting 10 seconds...
[2025-03-29 22:21:24] [INFO] Migration in progress (ID: RM_kgDaACQzYWI2ZDgwNy0xYjg2LTQxN2ItOTg5Yy1mNmM0MzAxYzQ4ZDE). State: IN_PROGRESS. Waiting 10 seconds...
[2025-03-29 22:21:34] [INFO] Migration in progress (ID: RM_kgDaACQzYWI2ZDgwNy0xYjg2LTQxN2ItOTg5Yy1mNmM0MzAxYzQ4ZDE). State: IN_PROGRESS. Waiting 10 seconds...
[2025-03-29 22:21:45] [INFO] Migration in progress (ID: RM_kgDaACQzYWI2ZDgwNy0xYjg2LTQxN2ItOTg5Yy1mNmM0MzAxYzQ4ZDE). State: IN_PROGRESS. Waiting 10 seconds...
[2025-03-29 22:21:55] [INFO] Migration in progress (ID: RM_kgDaACQzYWI2ZDgwNy0xYjg2LTQxN2ItOTg5Yy1mNmM0MzAxYzQ4ZDE). State: IN_PROGRESS. Waiting 10 seconds...
[2025-03-29 22:22:06] [INFO] Migration in progress (ID: RM_kgDaACQzYWI2ZDgwNy0xYjg2LTQxN2ItOTg5Yy1mNmM0MzAxYzQ4ZDE). State: IN_PROGRESS. Waiting 10 seconds...
[2025-03-29 22:22:16] [INFO] Migration in progress (ID: RM_kgDaACQzYWI2ZDgwNy0xYjg2LTQxN2ItOTg5Yy1mNmM0MzAxYzQ4ZDE). State: IN_PROGRESS. Waiting 10 seconds...
[2025-03-29 22:22:26] [INFO] Migration in progress (ID: RM_kgDaACQzYWI2ZDgwNy0xYjg2LTQxN2ItOTg5Yy1mNmM0MzAxYzQ4ZDE). State: IN_PROGRESS. Waiting 10 seconds...
[2025-03-29 22:22:36] [INFO] Migration in progress (ID: RM_kgDaACQzYWI2ZDgwNy0xYjg2LTQxN2ItOTg5Yy1mNmM0MzAxYzQ4ZDE). State: IN_PROGRESS. Waiting 10 seconds...
[2025-03-29 22:22:47] [INFO] Migration in progress (ID: RM_kgDaACQzYWI2ZDgwNy0xYjg2LTQxN2ItOTg5Yy1mNmM0MzAxYzQ4ZDE). State: IN_PROGRESS. Waiting 10 seconds...
[2025-03-29 22:22:57] [INFO] Migration in progress (ID: RM_kgDaACQzYWI2ZDgwNy0xYjg2LTQxN2ItOTg5Yy1mNmM0MzAxYzQ4ZDE). State: IN_PROGRESS. Waiting 10 seconds...
[2025-03-29 22:23:07] [INFO] Migration in progress (ID: RM_kgDaACQzYWI2ZDgwNy0xYjg2LTQxN2ItOTg5Yy1mNmM0MzAxYzQ4ZDE). State: IN_PROGRESS. Waiting 10 seconds...
[2025-03-29 22:23:17] [INFO] Migration in progress (ID: RM_kgDaACQzYWI2ZDgwNy0xYjg2LTQxN2ItOTg5Yy1mNmM0MzAxYzQ4ZDE). State: IN_PROGRESS. Waiting 10 seconds...
[2025-03-29 22:23:28] [INFO] Migration completed (ID: RM_kgDaACQzYWI2ZDgwNy0xYjg2LTQxN2ItOTg5Yy1mNmM0MzAxYzQ4ZDE)! State: SUCCEEDED
[2025-03-29 22:23:28] [INFO] Migration log available at  or by running `gh ado2gh download-logs --github-org RocketResume-ai --github-repo satish_test`
